<?xml version="1.0" encoding="UTF-8"?>
<testng-results ignored="0" total="1" passed="1" failed="0" skipped="0">
  <reporter-output>
  </reporter-output>
  <suite started-at="2024-02-18T12:32:40 IST" name="Default suite" finished-at="2024-02-18T12:33:25 IST" duration-ms="45617">
    <groups>
    </groups>
    <test started-at="2024-02-18T12:32:40 IST" name="Default test" finished-at="2024-02-18T12:33:25 IST" duration-ms="45617">
      <class name="appiumProject.AppTest">
        <test-method signature="TestApp()[pri:0, instance:appiumProject.AppTest@548e6d58]" started-at="2024-02-18T12:32:40 IST" name="TestApp" finished-at="2024-02-18T12:33:25 IST" duration-ms="45543" status="PASS">
          <reporter-output>
          </reporter-output>
        </test-method> <!-- TestApp -->
      </class> <!-- appiumProject.AppTest -->
    </test> <!-- Default test -->
  </suite> <!-- Default suite -->
</testng-results>
